build/app/outputs/mapping/release/mapping.txt
# compiler: R8
# compiler_version: 1.5.64
# min_api: 18
# pg_map_id: a39144b
...
androidx.core.text.BidiFormatter -> androidx.core.text.BidiFormatter:
    androidx.core.text.TextDirectionHeuristicCompat DEFAULT_TEXT_DIRECTION_HEURISTIC -> a
    androidx.core.text.BidiFormatter DEFAULT_RTL_INSTANCE -> c
    androidx.core.text.BidiFormatter DEFAULT_LTR_INSTANCE -> b
    boolean isRtlLocale(java.util.Locale) -> a
androidx.core.text.BidiFormatter$DirectionalityEstimator -> androidx.core.text.BidiFormatter$DirectionalityEstimator:
    byte dirTypeBackward() -> a
    byte dirTypeForward() -> b
    int getEntryDir() -> c
    int getExitDir() -> d
androidx.core.text.PrecomputedTextCompat$Params -> androidx.core.text.PrecomputedTextCompat$Params:
    android.text.PrecomputedText$Params mWrapped -> a
androidx.core.text.TextDirectionHeuristicsCompat -> androidx.core.text.TextDirectionHeuristicsCompat:
    int isRtlText(int) -> a
    int isRtlTextOrFormat(int) -> b
androidx.core.text.TextDirectionHeuristicsCompat$AnyStrong -> androidx.core.text.TextDirectionHeuristicsCompat$AnyStrong:
    androidx.core.text.TextDirectionHeuristicsCompat$AnyStrong INSTANCE_RTL -> a
androidx.core.text.TextDirectionHeuristicsCompat$FirstStrong -> androidx.core.text.TextDirectionHeuristicsCompat$FirstStrong:
    androidx.core.text.TextDirectionHeuristicsCompat$FirstStrong INSTANCE -> a
androidx.core.text.TextDirectionHeuristicsCompat$TextDirectionHeuristicImpl -> androidx.core.text.TextDirectionHeuristicsCompat$TextDirectionHeuristicImpl:
    boolean defaultIsRtl() -> a
androidx.core.text.TextDirectionHeuristicsCompat$TextDirectionHeuristicInternal -> androidx.core.text.TextDirectionHeuristicsCompat$TextDirectionHeuristicInternal:
    boolean defaultIsRtl() -> a
androidx.core.text.TextDirectionHeuristicsCompat$TextDirectionHeuristicLocale -> androidx.core.text.TextDirectionHeuristicsCompat$TextDirectionHeuristicLocale:
    androidx.core.text.TextDirectionHeuristicsCompat$TextDirectionHeuristicLocale INSTANCE -> a
    boolean defaultIsRtl() -> a
androidx.core.text.util.FindAddress -> androidx.core.text.util.FindAddress:
    java.lang.String findAddress(java.lang.String) -> a
androidx.core.text.util.FindAddress$ZipRange -> androidx.core.text.util.FindAddress$ZipRange:
    int mException2 -> d
    int mHigh -> b
    int mException1 -> c
    int mLow -> a
    boolean matches(java.lang.String) -> a
androidx.core.text.util.LinkifyCompat$LinkSpec -> androidx.core.text.util.LinkifyCompat$LinkSpec:
    android.text.style.URLSpan frameworkAddedSpan -> a
    int end -> d
    java.lang.String url -> b
    int start -> c
androidx.core.view.AccessibilityDelegateCompat -> androidx.core.view.AccessibilityDelegateCompat:
    java.util.List getActionList(android.view.View) -> a
    android.view.View$AccessibilityDelegate getBridge() -> a
androidx.core.view.AccessibilityDelegateCompat$AccessibilityDelegateAdapter -> androidx.core.view.AccessibilityDelegateCompat$AccessibilityDelegateAdapter:
    androidx.core.view.AccessibilityDelegateCompat mCompat -> a
androidx.core.view.DisplayCutoutCompat -> androidx.core.view.DisplayCutoutCompat:
    androidx.core.view.DisplayCutoutCompat wrap(java.lang.Object) -> a
androidx.core.view.DragStartHelper$1 -> androidx.core.view.DragStartHelper$1:
    androidx.core.view.DragStartHelper this$0 -> a
androidx.core.view.DragStartHelper$2 -> androidx.core.view.DragStartHelper$2:
    androidx.core.view.DragStartHelper this$0 -> a
androidx.core.view.GestureDetectorCompat$GestureDetectorCompatImplBase -> androidx.core.view.GestureDetectorCompat$GestureDetectorCompatImplBase:
    android.view.GestureDetector$OnDoubleTapListener mDoubleTapListener -> b
    android.view.GestureDetector$OnGestureListener mListener -> a
    android.view.MotionEvent mCurrentDownEvent -> e
    boolean mStillDown -> c
    boolean mDeferConfirmSingleTap -> d
    void dispatchLongPress() -> a